# JRE version: OpenJDK Runtime Environment Temurin-21.0.10+7 (21.0.10+7) (build 21.0.10+7-LTS)
# Java VM: OpenJDK 64-Bit Server VM Temurin-21.0.10+7 (21.0.10+7-LTS, mixed mode, sharing, tiered, compressed oops, compressed class ptrs, parallel gc, windows-amd64)
GC Precious Log:
 CardTable entry size: 512
 CPUs: 4 total, 4 available
 Memory: 8071M
 Large Page Support: Disabled
 NUMA Support: Disabled
 Compressed Oops: Enabled (32-bit)
 Alignments: Space 512K, Generation 512K, Heap 2M
 Heap Min Capacity: 100M
 Heap Initial Capacity: 100M
 Heap Max Capacity: 2G
 Pre-touch: Disabled
 Parallel Workers: 4
Heap:
 PSYoungGen      total 5632K, used 5586K [0x00000000d5580000, 0x00000000d6300000, 0x0000000100000000)
  eden space 4608K, 100% used [0x00000000d5580000,0x00000000d5a00000,0x00000000d5a00000)
  from space 1024K, 95% used [0x00000000d5c00000,0x00000000d5cf4960,0x00000000d5d00000)
  to   space 2560K, 8% used [0x00000000d6080000,0x00000000d60b5200,0x00000000d6300000)
 ParOldGen       total 573952K, used 573597K [0x0000000080000000, 0x00000000a3080000, 0x00000000d5580000)
  object space 573952K, 99% used [0x0000000080000000,0x00000000a30274c8,0x00000000a3080000)
 Metaspace       used 92083K, committed 94080K, reserved 1179648K
  class space    used 9224K, committed 10240K, reserved 1048576K
GC Heap History (20 events):
Event: 15981.873 GC heap after
{Heap after GC invocations=4235 (full 9):
 PSYoungGen      total 4096K, used 740K [0x00000000d5580000, 0x00000000d5c00000, 0x0000000100000000)
  eden space 3072K, 0% used [0x00000000d5580000,0x00000000d5580000,0x00000000d5880000)
  from space 1024K, 72% used [0x00000000d5b00000,0x00000000d5bb91d8,0x00000000d5c00000)
  to   space 1024K, 0% used [0x00000000d5a00000,0x00000000d5a00000,0x00000000d5b00000)
 ParOldGen       total 517632K, used 517356K [0x0000000080000000, 0x000000009f980000, 0x00000000d5580000)
  object space 517632K, 99% used [0x0000000080000000,0x000000009f93b270,0x000000009f980000)
 Metaspace       used 92072K, committed 94080K, reserved 1179648K
  class space    used 9224K, committed 10240K, reserved 1048576K
}
Event: 15981.886 GC heap before
{Heap before GC invocations=4236 (full 9):
 PSYoungGen      total 4096K, used 3812K [0x00000000d5580000, 0x00000000d5c00000, 0x0000000100000000)
  eden space 3072K, 100% used [0x00000000d5580000,0x00000000d5880000,0x00000000d5880000)
  from space 1024K, 72% used [0x00000000d5b00000,0x00000000d5bb91d8,0x00000000d5c00000)
  to   space 1024K, 0% used [0x00000000d5a00000,0x00000000d5a00000,0x00000000d5b00000)
 ParOldGen       total 517632K, used 517356K [0x0000000080000000, 0x000000009f980000, 0x00000000d5580000)
  object space 517632K, 99% used [0x0000000080000000,0x000000009f93b270,0x000000009f980000)
 Metaspace       used 92072K, committed 94080K, reserved 1179648K
  class space    used 9224K, committed 10240K, reserved 1048576K
}
Event: 15981.892 GC heap after
{Heap after GC invocations=4236 (full 9):
 PSYoungGen      total 5120K, used 996K [0x00000000d5580000, 0x00000000d6180000, 0x0000000100000000)
  eden space 4096K, 0% used [0x00000000d5580000,0x00000000d5580000,0x00000000d5980000)
  from space 1024K, 97% used [0x00000000d5a00000,0x00000000d5af91d8,0x00000000d5b00000)
  to   space 4096K, 0% used [0x00000000d5d80000,0x00000000d5d80000,0x00000000d6180000)
 ParOldGen       total 519680K, used 519641K [0x0000000080000000, 0x000000009fb80000, 0x00000000d5580000)
  object space 519680K, 99% used [0x0000000080000000,0x000000009fb76458,0x000000009fb80000)
 Metaspace       used 92072K, committed 94080K, reserved 1179648K
  class space    used 9224K, committed 10240K, reserved 1048576K
}
Event: 15981.924 GC heap before
{Heap before GC invocations=4237 (full 9):
 PSYoungGen      total 5120K, used 4995K [0x00000000d5580000, 0x00000000d6180000, 0x0000000100000000)
  eden space 4096K, 97% used [0x00000000d5580000,0x00000000d5967a58,0x00000000d5980000)
  from space 1024K, 97% used [0x00000000d5a00000,0x00000000d5af91d8,0x00000000d5b00000)
  to   space 4096K, 0% used [0x00000000d5d80000,0x00000000d5d80000,0x00000000d6180000)
 ParOldGen       total 519680K, used 519641K [0x0000000080000000, 0x000000009fb80000, 0x00000000d5580000)
  object space 519680K, 99% used [0x0000000080000000,0x000000009fb76458,0x000000009fb80000)
 Metaspace       used 92072K, committed 94080K, reserved 1179648K
  class space    used 9224K, committed 10240K, reserved 1048576K
}
Event: 15981.932 GC heap after
{Heap after GC invocations=4237 (full 9):
 PSYoungGen      total 8704K, used 3398K [0x00000000d5580000, 0x00000000d6180000, 0x0000000100000000)
  eden space 4608K, 0% used [0x00000000d5580000,0x00000000d5580000,0x00000000d5a00000)
  from space 4096K, 82% used [0x00000000d5d80000,0x00000000d60d1ab0,0x00000000d6180000)
  to   space 3584K, 0% used [0x00000000d5a00000,0x00000000d5a00000,0x00000000d5d80000)
 ParOldGen       total 520704K, used 520661K [0x0000000080000000, 0x000000009fc80000, 0x00000000d5580000)
  object space 520704K, 99% used [0x0000000080000000,0x000000009fc75630,0x000000009fc80000)
 Metaspace       used 92072K, committed 94080K, reserved 1179648K
  class space    used 9224K, committed 10240K, reserved 1048576K
}
Event: 15981.955 GC heap before
{Heap before GC invocations=4238 (full 9):
 PSYoungGen      total 8704K, used 7975K [0x00000000d5580000, 0x00000000d6180000, 0x0000000100000000)
  eden space 4608K, 99% used [0x00000000d5580000,0x00000000d59f84f8,0x00000000d5a00000)
  from space 4096K, 82% used [0x00000000d5d80000,0x00000000d60d1ab0,0x00000000d6180000)
  to   space 3584K, 0% used [0x00000000d5a00000,0x00000000d5a00000,0x00000000d5d80000)
 ParOldGen       total 520704K, used 520661K [0x0000000080000000, 0x000000009fc80000, 0x00000000d5580000)
  object space 520704K, 99% used [0x0000000080000000,0x000000009fc75630,0x000000009fc80000)
 Metaspace       used 92072K, committed 94080K, reserved 1179648K
  class space    used 9224K, committed 10240K, reserved 1048576K
}
Event: 15981.963 GC heap after
{Heap after GC invocations=4238 (full 9):
 PSYoungGen      total 8192K, used 3573K [0x00000000d5580000, 0x00000000d6c00000, 0x0000000100000000)
  eden space 4608K, 0% used [0x00000000d5580000,0x00000000d5580000,0x00000000d5a00000)
  from space 3584K, 99% used [0x00000000d5a00000,0x00000000d5d7d490,0x00000000d5d80000)
  to   space 8704K, 0% used [0x00000000d6380000,0x00000000d6380000,0x00000000d6c00000)
 ParOldGen       total 525312K, used 524895K [0x0000000080000000, 0x00000000a0100000, 0x00000000d5580000)
  object space 525312K, 99% used [0x0000000080000000,0x00000000a0097d08,0x00000000a0100000)
 Metaspace       used 92072K, committed 94080K, reserved 1179648K
  class space    used 9224K, committed 10240K, reserved 1048576K
}
Event: 15982.032 GC heap before
{Heap before GC invocations=4239 (full 9):
 PSYoungGen      total 8192K, used 8181K [0x00000000d5580000, 0x00000000d6c00000, 0x0000000100000000)
  eden space 4608K, 100% used [0x00000000d5580000,0x00000000d5a00000,0x00000000d5a00000)
  from space 3584K, 99% used [0x00000000d5a00000,0x00000000d5d7d490,0x00000000d5d80000)
  to   space 8704K, 0% used [0x00000000d6380000,0x00000000d6380000,0x00000000d6c00000)
 ParOldGen       total 525312K, used 524895K [0x0000000080000000, 0x00000000a0100000, 0x00000000d5580000)
  object space 525312K, 99% used [0x0000000080000000,0x00000000a0097d08,0x00000000a0100000)
 Metaspace       used 92078K, committed 94080K, reserved 1179648K
  class space    used 9224K, committed 10240K, reserved 1048576K
}
Event: 15982.038 GC heap after
{Heap after GC invocations=4239 (full 9):
 PSYoungGen      total 7680K, used 2880K [0x00000000d5580000, 0x00000000d6680000, 0x0000000100000000)
  eden space 4608K, 0% used [0x00000000d5580000,0x00000000d5580000,0x00000000d5a00000)
  from space 3072K, 93% used [0x00000000d6380000,0x00000000d6650000,0x00000000d6680000)
  to   space 5120K, 0% used [0x00000000d5c80000,0x00000000d5c80000,0x00000000d6180000)
 ParOldGen       total 526848K, used 526695K [0x0000000080000000, 0x00000000a0280000, 0x00000000d5580000)
  object space 526848K, 99% used [0x0000000080000000,0x00000000a0259d08,0x00000000a0280000)
 Metaspace       used 92078K, committed 94080K, reserved 1179648K
  class space    used 9224K, committed 10240K, reserved 1048576K
}
Event: 15982.099 GC heap before
{Heap before GC invocations=4240 (full 9):
 PSYoungGen      total 7680K, used 7488K [0x00000000d5580000, 0x00000000d6680000, 0x0000000100000000)
  eden space 4608K, 100% used [0x00000000d5580000,0x00000000d5a00000,0x00000000d5a00000)
  from space 3072K, 93% used [0x00000000d6380000,0x00000000d6650000,0x00000000d6680000)
  to   space 5120K, 0% used [0x00000000d5c80000,0x00000000d5c80000,0x00000000d6180000)
 ParOldGen       total 558592K, used 557415K [0x0000000080000000, 0x00000000a2180000, 0x00000000d5580000)
  object space 558592K, 99% used [0x0000000080000000,0x00000000a2059d38,0x00000000a2180000)
 Metaspace       used 92079K, committed 94080K, reserved 1179648K
  class space    used 9224K, committed 10240K, reserved 1048576K
}
Event: 15982.108 GC heap after
{Heap after GC invocations=4240 (full 9):
 PSYoungGen      total 7680K, used 2736K [0x00000000d5580000, 0x00000000d6400000, 0x0000000100000000)
  eden space 4608K, 0% used [0x00000000d5580000,0x00000000d5580000,0x00000000d5a00000)
  from space 3072K, 89% used [0x00000000d5c80000,0x00000000d5f2c000,0x00000000d5f80000)
  to   space 3584K, 0% used [0x00000000d6080000,0x00000000d6080000,0x00000000d6400000)
 ParOldGen       total 560640K, used 560235K [0x0000000080000000, 0x00000000a2380000, 0x00000000d5580000)
  object space 560640K, 99% used [0x0000000080000000,0x00000000a231ad48,0x00000000a2380000)
 Metaspace       used 92079K, committed 94080K, reserved 1179648K
  class space    used 9224K, committed 10240K, reserved 1048576K
}
Event: 15982.230 GC heap before
{Heap before GC invocations=4241 (full 9):
 PSYoungGen      total 7680K, used 7344K [0x00000000d5580000, 0x00000000d6400000, 0x0000000100000000)
  eden space 4608K, 100% used [0x00000000d5580000,0x00000000d5a00000,0x00000000d5a00000)
  from space 3072K, 89% used [0x00000000d5c80000,0x00000000d5f2c000,0x00000000d5f80000)
  to   space 3584K, 0% used [0x00000000d6080000,0x00000000d6080000,0x00000000d6400000)
 ParOldGen       total 560640K, used 560235K [0x0000000080000000, 0x00000000a2380000, 0x00000000d5580000)
  object space 560640K, 99% used [0x0000000080000000,0x00000000a231ad48,0x00000000a2380000)
 Metaspace       used 92082K, committed 94080K, reserved 1179648K
  class space    used 9224K, committed 10240K, reserved 1048576K
}
Event: 15982.244 GC heap after
{Heap after GC invocations=4241 (full 9):
 PSYoungGen      total 8192K, used 3437K [0x00000000d5580000, 0x00000000d6400000, 0x0000000100000000)
  eden space 4608K, 0% used [0x00000000d5580000,0x00000000d5580000,0x00000000d5a00000)
  from space 3584K, 95% used [0x00000000d6080000,0x00000000d63db560,0x00000000d6400000)
  to   space 3584K, 0% used [0x00000000d5d00000,0x00000000d5d00000,0x00000000d6080000)
 ParOldGen       total 562176K, used 562051K [0x0000000080000000, 0x00000000a2500000, 0x00000000d5580000)
  object space 562176K, 99% used [0x0000000080000000,0x00000000a24e0d48,0x00000000a2500000)
 Metaspace       used 92082K, committed 94080K, reserved 1179648K
  class space    used 9224K, committed 10240K, reserved 1048576K
}
Event: 15982.295 GC heap before
{Heap before GC invocations=4242 (full 9):
 PSYoungGen      total 8192K, used 8045K [0x00000000d5580000, 0x00000000d6400000, 0x0000000100000000)
  eden space 4608K, 100% used [0x00000000d5580000,0x00000000d5a00000,0x00000000d5a00000)
  from space 3584K, 95% used [0x00000000d6080000,0x00000000d63db560,0x00000000d6400000)
  to   space 3584K, 0% used [0x00000000d5d00000,0x00000000d5d00000,0x00000000d6080000)
 ParOldGen       total 562176K, used 562051K [0x0000000080000000, 0x00000000a2500000, 0x00000000d5580000)
  object space 562176K, 99% used [0x0000000080000000,0x00000000a24e0d48,0x00000000a2500000)
 Metaspace       used 92082K, committed 94080K, reserved 1179648K
  class space    used 9224K, committed 10240K, reserved 1048576K
}
Event: 15982.310 GC heap after
{Heap after GC invocations=4242 (full 9):
 PSYoungGen      total 8192K, used 3584K [0x00000000d5580000, 0x00000000d6b00000, 0x0000000100000000)
  eden space 4608K, 0% used [0x00000000d5580000,0x00000000d5580000,0x00000000d5a00000)
  from space 3584K, 100% used [0x00000000d5d00000,0x00000000d6080000,0x00000000d6080000)
  to   space 8704K, 0% used [0x00000000d6280000,0x00000000d6280000,0x00000000d6b00000)
 ParOldGen       total 566784K, used 566304K [0x0000000080000000, 0x00000000a2980000, 0x00000000d5580000)
  object space 566784K, 99% used [0x0000000080000000,0x00000000a29082b8,0x00000000a2980000)
 Metaspace       used 92082K, committed 94080K, reserved 1179648K
  class space    used 9224K, committed 10240K, reserved 1048576K
}
Event: 15982.452 GC heap before
{Heap before GC invocations=4243 (full 9):
 PSYoungGen      total 8192K, used 8191K [0x00000000d5580000, 0x00000000d6b00000, 0x0000000100000000)
  eden space 4608K, 99% used [0x00000000d5580000,0x00000000d59fff98,0x00000000d5a00000)
  from space 3584K, 100% used [0x00000000d5d00000,0x00000000d6080000,0x00000000d6080000)
  to   space 8704K, 0% used [0x00000000d6280000,0x00000000d6280000,0x00000000d6b00000)
 ParOldGen       total 566784K, used 566304K [0x0000000080000000, 0x00000000a2980000, 0x00000000d5580000)
  object space 566784K, 99% used [0x0000000080000000,0x00000000a29082b8,0x00000000a2980000)
 Metaspace       used 92083K, committed 94080K, reserved 1179648K
  class space    used 9224K, committed 10240K, reserved 1048576K
}
Event: 15982.463 GC heap after
{Heap after GC invocations=4243 (full 9):
 PSYoungGen      total 8192K, used 3348K [0x00000000d5580000, 0x00000000d6600000, 0x0000000100000000)
  eden space 4608K, 0% used [0x00000000d5580000,0x00000000d5580000,0x00000000d5a00000)
  from space 3584K, 93% used [0x00000000d6280000,0x00000000d65c5200,0x00000000d6600000)
  to   space 5120K, 0% used [0x00000000d5c00000,0x00000000d5c00000,0x00000000d6100000)
 ParOldGen       total 570368K, used 569936K [0x0000000080000000, 0x00000000a2d00000, 0x00000000d5580000)
  object space 570368K, 99% used [0x0000000080000000,0x00000000a2c942b8,0x00000000a2d00000)
 Metaspace       used 92083K, committed 94080K, reserved 1179648K
  class space    used 9224K, committed 10240K, reserved 1048576K
}
Event: 15982.476 GC heap before
{Heap before GC invocations=4244 (full 9):
 PSYoungGen      total 8192K, used 7956K [0x00000000d5580000, 0x00000000d6600000, 0x0000000100000000)
  eden space 4608K, 100% used [0x00000000d5580000,0x00000000d5a00000,0x00000000d5a00000)
  from space 3584K, 93% used [0x00000000d6280000,0x00000000d65c5200,0x00000000d6600000)
  to   space 5120K, 0% used [0x00000000d5c00000,0x00000000d5c00000,0x00000000d6100000)
 ParOldGen       total 570368K, used 569936K [0x0000000080000000, 0x00000000a2d00000, 0x00000000d5580000)
  object space 570368K, 99% used [0x0000000080000000,0x00000000a2c942b8,0x00000000a2d00000)
 Metaspace       used 92083K, committed 94080K, reserved 1179648K
  class space    used 9224K, committed 10240K, reserved 1048576K
}
Event: 15982.483 GC heap after
{Heap after GC invocations=4244 (full 9):
 PSYoungGen      total 5632K, used 978K [0x00000000d5580000, 0x00000000d6300000, 0x0000000100000000)
  eden space 4608K, 0% used [0x00000000d5580000,0x00000000d5580000,0x00000000d5a00000)
  from space 1024K, 95% used [0x00000000d5c00000,0x00000000d5cf4960,0x00000000d5d00000)
  to   space 2560K, 0% used [0x00000000d6080000,0x00000000d6080000,0x00000000d6300000)
 ParOldGen       total 573440K, used 573141K [0x0000000080000000, 0x00000000a3000000, 0x00000000d5580000)
  object space 573440K, 99% used [0x0000000080000000,0x00000000a2fb54c8,0x00000000a3000000)
 Metaspace       used 92083K, committed 94080K, reserved 1179648K
  class space    used 9224K, committed 10240K, reserved 1048576K
}
Event: 15982.522 GC heap before
{Heap before GC invocations=4245 (full 9):
 PSYoungGen      total 5632K, used 5586K [0x00000000d5580000, 0x00000000d6300000, 0x0000000100000000)
  eden space 4608K, 100% used [0x00000000d5580000,0x00000000d5a00000,0x00000000d5a00000)
  from space 1024K, 95% used [0x00000000d5c00000,0x00000000d5cf4960,0x00000000d5d00000)
  to   space 2560K, 0% used [0x00000000d6080000,0x00000000d6080000,0x00000000d6300000)
 ParOldGen       total 573440K, used 573141K [0x0000000080000000, 0x00000000a3000000, 0x00000000d5580000)
  object space 573440K, 99% used [0x0000000080000000,0x00000000a2fb54c8,0x00000000a3000000)
 Metaspace       used 92083K, committed 94080K, reserved 1179648K
  class space    used 9224K, committed 10240K, reserved 1048576K
}

